Arguments: 
  C:\Programs\nodejs\node.exe C:\Users\User\AppData\Roaming\npm\node_modules\yarn\bin\yarn.js add @randajan/simple-lib

PATH: 
  C:\Windows\system32;C:\Windows;C:\Windows\System32\Wbem;C:\Windows\System32\WindowsPowerShell\v1.0\;C:\Windows\System32\OpenSSH\;C:\Program Files\Git\cmd;C:\Program Files\PuTTY\;C:\Programs\nodejs\;C:\Program Files\Microsoft SQL Server\150\Tools\Binn\;C:\Program Files\Microsoft SQL Server\Client SDK\ODBC\170\Tools\Binn\;C:\Program Files\dotnet\;C:\Program Files (x86)\Windows Kits\10\Windows Performance Toolkit\;C:\Program Files\WireGuard\;C:\Users\User\AppData\Local\Microsoft\WindowsApps;;C:\Users\User\AppData\Local\Programs\Microsoft VS Code\bin;C:\Users\User\AppData\Roaming\npm;C:\Users\User\.dotnet\tools;C:\Programs\Nmap

Yarn version: 
  1.22.19

Node version: 
  20.5.1

Platform: 
  win32 x64

Trace: 
  SyntaxError: C:\dev\lib\props\package.json: Expected double-quoted property name in JSON at position 1064
      at JSON.parse (<anonymous>)
      at C:\Users\User\AppData\Roaming\npm\node_modules\yarn\lib\cli.js:1629:59
      at Generator.next (<anonymous>)
      at step (C:\Users\User\AppData\Roaming\npm\node_modules\yarn\lib\cli.js:310:30)
      at C:\Users\User\AppData\Roaming\npm\node_modules\yarn\lib\cli.js:321:13

npm manifest: 
  {
      "name": "@randajan/props",
      "version": "0.0.1",
      "description": "lightweight JavaScript library that simplifies working with Object.defineProperty and Object.defineProperties. It provides intuitive, easy-to-use functions for defining solid, virtual, safe, and cached properties on objects. With this library, you can manage object properties more efficiently, using less code and achieving better readability.",
      "repository": "randajan/props",
      "type": "module",
      "main": "dist/index.js",
      "module": "dist/index.js",
      "exports": {
        ".": "./dist/index.js"
      },
      "license": "MIT",
      "dependencies": {},
      "devDependencies": {},
      "files": [
        "dist",
        "README.md",
        "LICENSE"
      ],
      "keywords": [
        "webdev",
        "tool"
      ],
      "homepage": "https://github.com/randajan/props",
      "bugs": {
        "url": "https://github.com/randajan/props/issues"
      },
      "author": {
        "name": "Jan Randa",
        "email": "jnranda@gmail.com",
        "url": "https://www.linkedin.com/in/randajan/"
      },
    }

yarn manifest: 
  No manifest

Lockfile: 
  No lockfile
